\BOOKMARK [1][-]{section.1}{\376\377\000A\000b\000s\000t\000r\000a\000c\000t}{}% 1
\BOOKMARK [1][-]{section.2}{\376\377\000I\000n\000t\000r\000o\000d\000u\000c\000t\000i\000o\000n}{}% 2
\BOOKMARK [2][-]{subsection.2.1}{\376\377\000M\000o\000t\000i\000v\000a\000t\000i\000o\000n}{section.2}% 3
\BOOKMARK [2][-]{subsection.2.2}{\376\377\000L\000i\000m\000i\000t\000a\000t\000i\000o\000n\000s\000\040\000o\000f\000\040\000C\000u\000r\000r\000e\000n\000t\000\040\000S\000o\000l\000u\000t\000i\000o\000n\000s}{section.2}% 4
\BOOKMARK [2][-]{subsection.2.3}{\376\377\000T\000h\000e\000\040\000R\000I\000S\000C\000-\000V\000\040\000V\000e\000c\000t\000o\000r\000\040\000E\000x\000t\000e\000n\000s\000i\000o\000n\000\040\000a\000s\000\040\000a\000\040\000S\000o\000l\000u\000t\000i\000o\000n}{section.2}% 5
\BOOKMARK [2][-]{subsection.2.4}{\376\377\000P\000r\000o\000b\000l\000e\000m\000\040\000S\000t\000a\000t\000e\000m\000e\000n\000t}{section.2}% 6
\BOOKMARK [2][-]{subsection.2.5}{\376\377\000R\000e\000s\000e\000a\000r\000c\000h\000\040\000O\000b\000j\000e\000c\000t\000i\000v\000e\000s}{section.2}% 7
\BOOKMARK [2][-]{subsection.2.6}{\376\377\000R\000e\000s\000e\000a\000r\000c\000h\000\040\000C\000o\000n\000t\000r\000i\000b\000u\000t\000i\000o\000n\000s}{section.2}% 8
\BOOKMARK [2][-]{subsection.2.7}{\376\377\000T\000h\000e\000s\000i\000s\000\040\000O\000r\000g\000a\000n\000i\000z\000a\000t\000i\000o\000n}{section.2}% 9
\BOOKMARK [1][-]{section.3}{\376\377\000B\000a\000c\000k\000g\000r\000o\000u\000n\000d\000\040\000\046\000\040\000R\000e\000l\000a\000t\000e\000d\000\040\000W\000o\000r\000k}{}% 10
\BOOKMARK [2][-]{subsection.3.1}{\376\377\000R\000I\000S\000C\000-\000V\000\040\000A\000r\000c\000h\000i\000t\000e\000c\000t\000u\000r\000e\000\040\000O\000v\000e\000r\000v\000i\000e\000w}{section.3}% 11
\BOOKMARK [2][-]{subsection.3.2}{\376\377\000R\000I\000S\000C\000-\000V\000\040\000E\000x\000t\000e\000n\000s\000i\000o\000n\000s\000\040\000f\000o\000r\000\040\000M\000a\000c\000h\000i\000n\000e\000\040\000L\000e\000a\000r\000n\000i\000n\000g}{section.3}% 12
\BOOKMARK [3][-]{subsubsection.3.2.1}{\376\377\000S\000t\000a\000n\000d\000a\000r\000d\000\040\000E\000x\000t\000e\000n\000s\000i\000o\000n\000s}{subsection.3.2}% 13
\BOOKMARK [2][-]{subsection.3.3}{\376\377\000T\000h\000e\000\040\000R\000I\000S\000C\000-\000V\000\040\000V\000e\000c\000t\000o\000r\000\040\000E\000x\000t\000e\000n\000s\000i\000o\000n}{section.3}% 14
\BOOKMARK [3][-]{subsubsection.3.3.1}{\376\377\000A\000r\000c\000h\000i\000t\000e\000c\000t\000u\000r\000a\000l\000\040\000P\000r\000i\000n\000c\000i\000p\000l\000e\000s}{subsection.3.3}% 15
\BOOKMARK [3][-]{subsubsection.3.3.2}{\376\377\000P\000r\000o\000g\000r\000a\000m\000m\000i\000n\000g\000\040\000w\000i\000t\000h\000\040\000R\000I\000S\000C\000-\000V\000\040\000V\000e\000c\000t\000o\000r\000\040\000I\000n\000t\000r\000i\000n\000s\000i\000c\000s}{subsection.3.3}% 16
\BOOKMARK [2][-]{subsection.3.4}{\376\377\000A\000r\000a\000\040\000R\000I\000S\000C\000-\000V\000\040\000V\000e\000c\000t\000o\000r\000\040\000C\000o\000p\000r\000o\000c\000e\000s\000s\000o\000r}{section.3}% 17
\BOOKMARK [3][-]{subsubsection.3.4.1}{\376\377\000A\000r\000c\000h\000i\000t\000e\000c\000t\000u\000r\000e\000\040\000C\000o\000m\000p\000o\000n\000e\000n\000t\000s}{subsection.3.4}% 18
\BOOKMARK [3][-]{subsubsection.3.4.2}{\376\377\000A\000r\000a\000\040\000a\000s\000\040\000a\000\040\000P\000e\000r\000f\000o\000r\000m\000a\000n\000c\000e\000\040\000R\000e\000f\000e\000r\000e\000n\000c\000e}{subsection.3.4}% 19
\BOOKMARK [2][-]{subsection.3.5}{\376\377\000F\000o\000u\000n\000d\000a\000t\000i\000o\000n\000a\000l\000\040\000R\000e\000s\000e\000a\000r\000c\000h\000\040\000o\000n\000\040\000R\000V\000V\000\040\000f\000o\000r\000\040\000M\000a\000c\000h\000i\000n\000e\000\040\000L\000e\000a\000r\000n\000i\000n\000g}{section.3}% 20
\BOOKMARK [3][-]{subsubsection.3.5.1}{\376\377\000S\000P\000E\000E\000D\000:\000\040\000S\000c\000a\000l\000a\000b\000l\000e\000\040\000M\000u\000l\000t\000i\000-\000P\000r\000e\000c\000i\000s\000i\000o\000n\000\040\000D\000N\000N\000\040\000P\000r\000o\000c\000e\000s\000s\000o\000r}{subsection.3.5}% 21
\BOOKMARK [3][-]{subsubsection.3.5.2}{\376\377\000R\000V\000V\000\040\000E\000f\000f\000i\000c\000i\000e\000n\000c\000y\000\040\000f\000o\000r\000\040\000A\000N\000N\000\040\000A\000l\000g\000o\000r\000i\000t\000h\000m\000s}{subsection.3.5}% 22
\BOOKMARK [1][-]{section.4}{\376\377\000M\000e\000t\000h\000o\000d\000o\000l\000o\000g\000y\000:\000\040\000A\000r\000c\000h\000i\000t\000e\000c\000t\000u\000r\000e\000\040\000\046\000\040\000I\000m\000p\000l\000e\000m\000e\000n\000t\000a\000t\000i\000o\000n\000s}{}% 23
\BOOKMARK [2][-]{subsection.4.1}{\376\377\000D\000e\000e\000p\000\040\000L\000e\000a\000r\000n\000i\000n\000g\000\040\000K\000e\000r\000n\000e\000l\000\040\000S\000e\000l\000e\000c\000t\000i\000o\000n\000\040\000a\000n\000d\000\040\000J\000u\000s\000t\000i\000f\000i\000c\000a\000t\000i\000o\000n}{section.4}% 24
\BOOKMARK [3][-]{subsubsection.4.1.1}{\376\377\000S\000e\000l\000e\000c\000t\000i\000o\000n\000\040\000C\000r\000i\000t\000e\000r\000i\000a}{subsection.4.1}% 25
\BOOKMARK [3][-]{subsubsection.4.1.2}{\376\377\000P\000r\000i\000o\000r\000i\000t\000i\000z\000e\000d\000\040\000K\000e\000r\000n\000e\000l\000\040\000C\000a\000t\000e\000g\000o\000r\000i\000e\000s}{subsection.4.1}% 26
\BOOKMARK [2][-]{subsection.4.2}{\376\377\000D\000e\000v\000e\000l\000o\000p\000m\000e\000n\000t\000\040\000T\000o\000o\000l\000c\000h\000a\000i\000n}{section.4}% 27
\BOOKMARK [2][-]{subsection.4.3}{\376\377\000R\000I\000S\000C\000-\000V\000\040\000G\000N\000U\000\040\000T\000o\000o\000l\000c\000h\000a\000i\000n}{section.4}% 28
\BOOKMARK [3][-]{subsubsection.4.3.1}{\376\377\000T\000o\000o\000l\000c\000h\000a\000i\000n\000\040\000C\000o\000m\000p\000o\000n\000e\000n\000t\000s}{subsection.4.3}% 29
\BOOKMARK [2][-]{subsection.4.4}{\376\377\000Q\000E\000M\000U\000\040\000E\000m\000u\000l\000a\000t\000o\000r}{section.4}% 30
\BOOKMARK [3][-]{subsubsection.4.4.1}{\376\377\000W\000h\000y\000\040\000Q\000E\000M\000U\000\040\000O\000v\000e\000r\000\040\000S\000p\000i\000k\000e}{subsection.4.4}% 31
\BOOKMARK [3][-]{subsubsection.4.4.2}{\376\377\000Q\000E\000M\000U\000\040\000U\000s\000e\000r\000\040\000M\000o\000d\000e\000\040\000E\000x\000e\000c\000u\000t\000i\000o\000n}{subsection.4.4}% 32
\BOOKMARK [2][-]{subsection.4.5}{\376\377\000A\000r\000a\000\040\000R\000T\000L\000\040\000C\000o\000m\000p\000i\000l\000a\000t\000i\000o\000n\000\040\000a\000n\000d\000\040\000S\000i\000m\000u\000l\000a\000t\000i\000o\000n}{section.4}% 33
\BOOKMARK [3][-]{subsubsection.4.5.1}{\376\377\000A\000r\000a\000\040\000S\000i\000m\000u\000l\000a\000t\000i\000o\000n\000\040\000E\000n\000v\000i\000r\000o\000n\000m\000e\000n\000t}{subsection.4.5}% 34
\BOOKMARK [2][-]{subsection.4.6}{\376\377\000D\000o\000c\000k\000e\000r\000\040\000D\000e\000v\000e\000l\000o\000p\000m\000e\000n\000t\000\040\000E\000n\000v\000i\000r\000o\000n\000m\000e\000n\000t}{section.4}% 35
\BOOKMARK [3][-]{subsubsection.4.6.1}{\376\377\000D\000o\000c\000k\000e\000r\000\040\000A\000d\000v\000a\000n\000t\000a\000g\000e\000s}{subsection.4.6}% 36
\BOOKMARK [3][-]{subsubsection.4.6.2}{\376\377\000D\000o\000c\000k\000e\000r\000\040\000W\000o\000r\000k\000f\000l\000o\000w}{subsection.4.6}% 37
\BOOKMARK [2][-]{subsection.4.7}{\376\377\000O\000N\000N\000X\000\040\000F\000r\000a\000m\000e\000w\000o\000r\000k\000\040\000I\000n\000t\000e\000g\000r\000a\000t\000i\000o\000n}{section.4}% 38
\BOOKMARK [2][-]{subsection.4.8}{\376\377\000R\000I\000S\000C\000-\000V\000\040\000V\000e\000c\000t\000o\000r\000i\000z\000a\000t\000i\000o\000n\000\040\000K\000e\000r\000n\000e\000l\000s\000\040\000D\000e\000s\000i\000g\000n}{section.4}% 39
\BOOKMARK [2][-]{subsection.4.9}{\376\377\000F\000u\000n\000c\000t\000i\000o\000n\000a\000l\000\040\000V\000e\000r\000i\000f\000i\000c\000a\000t\000i\000o\000n\000\040\000R\000e\000s\000u\000l\000t\000s}{section.4}% 40
\BOOKMARK [3][-]{subsubsection.4.9.1}{\376\377\000O\000N\000N\000X\000\040\000G\000o\000l\000d\000e\000n\000\040\000R\000e\000f\000e\000r\000e\000n\000c\000e\000\040\000F\000r\000a\000m\000e\000w\000o\000r\000k}{subsection.4.9}% 41
\BOOKMARK [3][-]{subsubsection.4.9.2}{\376\377\000T\000e\000s\000t\000\040\000D\000a\000t\000a\000\040\000G\000e\000n\000e\000r\000a\000t\000i\000o\000n\000\040\000S\000t\000r\000a\000t\000e\000g\000y}{subsection.4.9}% 42
\BOOKMARK [3][-]{subsubsection.4.9.3}{\376\377\000N\000u\000m\000e\000r\000i\000c\000a\000l\000\040\000V\000e\000r\000i\000f\000i\000c\000a\000t\000i\000o\000n\000\040\000M\000e\000t\000r\000i\000c\000s}{subsection.4.9}% 43
\BOOKMARK [3][-]{subsubsection.4.9.4}{\376\377\000V\000e\000r\000i\000f\000i\000c\000a\000t\000i\000o\000n\000\040\000T\000h\000r\000e\000s\000h\000o\000l\000d\000\040\000D\000e\000f\000i\000n\000i\000t\000i\000o\000n}{subsection.4.9}% 44
\BOOKMARK [3][-]{subsubsection.4.9.5}{\376\377\000D\000i\000s\000c\000r\000e\000t\000e\000\040\000F\000u\000n\000c\000t\000i\000o\000n\000s\000\040\000C\000o\000r\000r\000e\000c\000t\000n\000e\000s\000s\000\040\000R\000e\000s\000u\000l\000t\000s}{subsection.4.9}% 45
\BOOKMARK [3][-]{subsubsection.4.9.6}{\376\377\000M\000o\000d\000e\000l\000s}{subsection.4.9}% 46
\BOOKMARK [1][-]{section.5}{\376\377\000M\000e\000t\000h\000o\000d\000o\000l\000o\000g\000y\000:\000\040\000P\000e\000r\000f\000o\000r\000m\000a\000n\000c\000e\000\040\000V\000a\000l\000i\000d\000a\000t\000i\000o\000n}{}% 47
\BOOKMARK [2][-]{subsection.5.1}{\376\377\000H\000a\000r\000d\000w\000a\000r\000e\000\040\000\050\000R\000T\000L\000\040\000C\000o\000r\000e\000s\000\051}{section.5}% 48
\BOOKMARK [3][-]{subsubsection.5.1.1}{\376\377\000R\000o\000l\000e\000\040\000o\000f\000\040\000R\000T\000L\000\040\000C\000o\000r\000e\000s\000\040\000i\000n\000\040\000A\000r\000c\000h\000i\000t\000e\000c\000t\000u\000r\000a\000l\000\040\000R\000e\000s\000e\000a\000r\000c\000h}{subsection.5.1}% 49
\BOOKMARK [3][-]{subsubsection.5.1.2}{\376\377\000I\000m\000p\000o\000r\000t\000a\000n\000c\000e\000\040\000o\000f\000\040\000C\000y\000c\000l\000e\000-\000A\000c\000c\000u\000r\000a\000t\000e\000\040\000S\000i\000m\000u\000l\000a\000t\000i\000o\000n}{subsection.5.1}% 50
\BOOKMARK [3][-]{subsubsection.5.1.3}{\376\377\000R\000a\000t\000i\000o\000n\000a\000l\000e\000\040\000f\000o\000r\000\040\000S\000e\000l\000e\000c\000t\000i\000n\000g\000\040\000A\000r\000a\000\040\000a\000n\000d\000\040\000V\000i\000c\000u\000n\000a}{subsection.5.1}% 51
\BOOKMARK [2][-]{subsection.5.2}{\376\377\000A\000r\000a\000\040\000V\000e\000c\000t\000o\000r\000\040\000P\000r\000o\000c\000e\000s\000s\000o\000r}{section.5}% 52
\BOOKMARK [3][-]{subsubsection.5.2.1}{\376\377\000O\000v\000e\000r\000v\000i\000e\000w\000\040\000a\000n\000d\000\040\000D\000e\000s\000i\000g\000n\000\040\000M\000o\000t\000i\000v\000a\000t\000i\000o\000n}{subsection.5.2}% 53
\BOOKMARK [3][-]{subsubsection.5.2.2}{\376\377\000A\000r\000c\000h\000i\000t\000e\000c\000t\000u\000r\000a\000l\000\040\000O\000r\000g\000a\000n\000i\000z\000a\000t\000i\000o\000n}{subsection.5.2}% 54
\BOOKMARK [3][-]{subsubsection.5.2.3}{\376\377\000R\000V\000V\000\040\000I\000m\000p\000l\000e\000m\000e\000n\000t\000a\000t\000i\000o\000n}{subsection.5.2}% 55
\BOOKMARK [3][-]{subsubsection.5.2.4}{\376\377\000V\000e\000c\000t\000o\000r\000\040\000E\000x\000e\000c\000u\000t\000i\000o\000n\000\040\000M\000o\000d\000e\000l}{subsection.5.2}% 56
\BOOKMARK [3][-]{subsubsection.5.2.5}{\376\377\000M\000e\000m\000o\000r\000y\000\040\000S\000u\000b\000s\000y\000s\000t\000e\000m}{subsection.5.2}% 57
\BOOKMARK [3][-]{subsubsection.5.2.6}{\376\377\000R\000T\000L\000\040\000I\000m\000p\000l\000e\000m\000e\000n\000t\000a\000t\000i\000o\000n}{subsection.5.2}% 58
\BOOKMARK [3][-]{subsubsection.5.2.7}{\376\377\000B\000e\000n\000c\000h\000m\000a\000r\000k\000i\000n\000g\000\040\000S\000u\000i\000t\000a\000b\000i\000l\000i\000t\000y}{subsection.5.2}% 59
\BOOKMARK [2][-]{subsection.5.3}{\376\377\000V\000i\000c\000u\000n\000a\000\040\000R\000I\000S\000C\000-\000V\000\040\000V\000e\000c\000t\000o\000r\000\040\000C\000o\000p\000r\000o\000c\000e\000s\000s\000o\000r}{section.5}% 60
\BOOKMARK [3][-]{subsubsection.5.3.1}{\376\377\000O\000v\000e\000r\000v\000i\000e\000w\000\040\000a\000n\000d\000\040\000D\000e\000s\000i\000g\000n\000\040\000M\000o\000t\000i\000v\000a\000t\000i\000o\000n}{subsection.5.3}% 61
\BOOKMARK [3][-]{subsubsection.5.3.2}{\376\377\000A\000r\000c\000h\000i\000t\000e\000c\000t\000u\000r\000a\000l\000\040\000O\000r\000g\000a\000n\000i\000z\000a\000t\000i\000o\000n}{subsection.5.3}% 62
\BOOKMARK [3][-]{subsubsection.5.3.3}{\376\377\000R\000V\000V\000\040\000I\000m\000p\000l\000e\000m\000e\000n\000t\000a\000t\000i\000o\000n}{subsection.5.3}% 63
\BOOKMARK [3][-]{subsubsection.5.3.4}{\376\377\000E\000x\000e\000c\000u\000t\000i\000o\000n\000\040\000M\000o\000d\000e\000l}{subsection.5.3}% 64
\BOOKMARK [3][-]{subsubsection.5.3.5}{\376\377\000M\000e\000m\000o\000r\000y\000\040\000S\000u\000b\000s\000y\000s\000t\000e\000m}{subsection.5.3}% 65
\BOOKMARK [3][-]{subsubsection.5.3.6}{\376\377\000R\000T\000L\000\040\000I\000m\000p\000l\000e\000m\000e\000n\000t\000a\000t\000i\000o\000n}{subsection.5.3}% 66
\BOOKMARK [3][-]{subsubsection.5.3.7}{\376\377\000B\000e\000n\000c\000h\000m\000a\000r\000k\000i\000n\000g\000\040\000S\000u\000i\000t\000a\000b\000i\000l\000i\000t\000y}{subsection.5.3}% 67
\BOOKMARK [2][-]{subsection.5.4}{\376\377\000C\000o\000m\000p\000a\000r\000a\000t\000i\000v\000e\000\040\000A\000n\000a\000l\000y\000s\000i\000s\000:\000\040\000A\000r\000a\000\040\000v\000s\000.\000\040\000V\000i\000c\000u\000n\000a}{section.5}% 68
\BOOKMARK [2][-]{subsection.5.5}{\376\377\000V\000a\000l\000i\000d\000a\000t\000i\000o\000n\000\040\000S\000t\000r\000a\000t\000e\000g\000y}{section.5}% 69
\BOOKMARK [2][-]{subsection.5.6}{\376\377\000V\000a\000l\000i\000d\000a\000t\000i\000o\000n\000\040\000R\000e\000s\000u\000l\000t\000s}{section.5}% 70
\BOOKMARK [1][-]{section.6}{\376\377\000O\000p\000e\000n\000\040\000S\000o\000u\000r\000c\000e\000\040\000L\000i\000b\000r\000a\000r\000y\000\040\000A\000r\000c\000h\000i\000t\000e\000c\000t\000u\000r\000e}{}% 71
\BOOKMARK [1][-]{section.7}{\376\377\000C\000o\000n\000c\000l\000u\000s\000i\000o\000n\000\040\000\046\000\040\000F\000u\000t\000u\000r\000e\000\040\000W\000o\000r\000k}{}% 72
\BOOKMARK [1][-]{section.8}{\376\377\000A\000c\000k\000n\000o\000w\000l\000e\000d\000g\000m\000e\000n\000t}{}% 73
\BOOKMARK [1][-]{section.9}{\376\377\000C\000o\000d\000e\000\040\000L\000i\000s\000t\000i\000n\000g\000s}{}% 74
